13:02:02 **** Rebuild of configuration Debug for project Mecanum Drive ****
Info: Internal Builder is used for build
arm-frc-linux-gnueabi-g++ -std=c++1y -I/home/cicada03/wpilib/cpp/current/include "-I/home/cicada03/workspace/Mecanum Drive/src" -I/home/cicada03/wpilib/user/cpp/include -O0 -Og -g3 -Wall -c -fmessage-length=0 -o src/Robot.o ../src/Robot.cpp 
arm-frc-linux-gnueabi-g++ -L/home/cicada03/wpilib/cpp/current/lib -L/home/cicada03/wpilib/user/cpp/lib -Wl,-rpath,/opt/GenICam_v3_0_NI/bin/Linux32_ARM -o FRCUserProgram src/Robot.o -lwpi 
13:38:35 **** Rebuild of configuration Debug for project RubysCode ****
Info: Internal Builder is used for build
arm-frc-linux-gnueabi-g++ -std=c++1y -I/home/cicada03/wpilib/cpp/current/include -I/home/cicada03/workspace/RubysCode/src -I/home/cicada03/wpilib/user/cpp/include -O0 -Og -g3 -Wall -c -fmessage-length=0 -o src/Robot.o ../src/Robot.cpp 
arm-frc-linux-gnueabi-g++ -L/home/cicada03/wpilib/cpp/current/lib -L/home/cicada03/wpilib/user/cpp/lib -Wl,-rpath,/opt/GenICam_v3_0_NI/bin/Linux32_ARM -o FRCUserProgram src/Robot.o -lwpi 
19:23:06 **** Rebuild of configuration Debug for project Arcade Drive ****
Info: Internal Builder is used for build
arm-frc-linux-gnueabi-g++ -std=c++1y -I/home/cicada03/wpilib/cpp/current/include "-I/home/cicada03/workspace/Arcade Drive/src" -I/home/cicada03/wpilib/user/cpp/include -O0 -Og -g3 -Wall -c -fmessage-length=0 -o src/Robot.o ../src/Robot.cpp 
arm-frc-linux-gnueabi-g++ -L/home/cicada03/wpilib/cpp/current/lib -L/home/cicada03/wpilib/user/cpp/lib -Wl,-rpath,/opt/GenICam_v3_0_NI/bin/Linux32_ARM -o FRCUserProgram src/Robot.o -lwpi 
17:59:53 **** Rebuild of configuration Debug for project ScratchPad ****
Info: Internal Builder is used for build
arm-frc-linux-gnueabi-g++ -std=c++1y -I/home/cicada03/wpilib/cpp/current/include -I/home/cicada03/workspace/ScratchPad/src -I/home/cicada03/wpilib/user/cpp/include -O0 -Og -g3 -Wall -c -fmessage-length=0 -o src/Robot.o ../src/Robot.cpp 
arm-frc-linux-gnueabi-g++ -L/home/cicada03/wpilib/cpp/current/lib -L/home/cicada03/wpilib/user/cpp/lib -Wl,-rpath,/opt/GenICam_v3_0_NI/bin/Linux32_ARM -o FRCUserProgram src/Robot.o -lwpi 
16:11:39 **** Rebuild of configuration Debug for project AccelerameterCode ****
Info: Internal Builder is used for build
arm-frc-linux-gnueabi-g++ -std=c++1y -I/home/cicada03/wpilib/cpp/current/include -I/home/cicada03/workspace/AccelerameterCode/src -I/home/cicada03/wpilib/user/cpp/include -O0 -Og -g3 -Wall -c -fmessage-length=0 -o src/Robot.o ../src/Robot.cpp 
arm-frc-linux-gnueabi-g++ -L/home/cicada03/wpilib/cpp/current/lib -L/home/cicada03/wpilib/user/cpp/lib -Wl,-rpath,/opt/GenICam_v3_0_NI/bin/Linux32_ARM -o FRCUserProgram src/Robot.o -lwpi 
16:36:01 **** Rebuild of configuration Debug for project Solenoids ****
Info: Internal Builder is used for build
arm-frc-linux-gnueabi-g++ -std=c++1y -I/home/cicada03/wpilib/cpp/current/include -I/home/cicada03/workspace/Solenoids/src -I/home/cicada03/wpilib/user/cpp/include -O0 -Og -g3 -Wall -c -fmessage-length=0 -o src/Robot.o ../src/Robot.cpp 
arm-frc-linux-gnueabi-g++ -L/home/cicada03/wpilib/cpp/current/lib -L/home/cicada03/wpilib/user/cpp/lib -Wl,-rpath,/opt/GenICam_v3_0_NI/bin/Linux32_ARM -o FRCUserProgram src/Robot.o -lwpi 
16:46:32 **** Rebuild of configuration Debug for project EncoderDrive ****
Info: Internal Builder is used for build
arm-frc-linux-gnueabi-g++ -std=c++1y -I/home/cicada03/wpilib/cpp/current/include -I/home/cicada03/workspace/EncoderDrive/src -I/home/cicada03/wpilib/user/cpp/include -O0 -Og -g3 -Wall -c -fmessage-length=0 -o src/Robot.o ../src/Robot.cpp 
arm-frc-linux-gnueabi-g++ -L/home/cicada03/wpilib/cpp/current/lib -L/home/cicada03/wpilib/user/cpp/lib -Wl,-rpath,/opt/GenICam_v3_0_NI/bin/Linux32_ARM -o FRCUserProgram src/Robot.o -lwpi 
00:11:28 **** Rebuild of configuration Debug for project IHaveNoClue ****
Info: Internal Builder is used for build
arm-frc-linux-gnueabi-g++ -std=c++1y -I/home/cicada03/wpilib/cpp/current/include -I/home/cicada03/workspace/IHaveNoClue/src -I/home/cicada03/wpilib/user/cpp/include -O0 -Og -g3 -Wall -c -fmessage-length=0 -o src/Robot.o ../src/Robot.cpp 
arm-frc-linux-gnueabi-g++ -L/home/cicada03/wpilib/cpp/current/lib -L/home/cicada03/wpilib/user/cpp/lib -Wl,-rpath,/opt/GenICam_v3_0_NI/bin/Linux32_ARM -o FRCUserProgram src/Robot.o -lwpi 
